<?xml version="1.0" encoding="UTF-8"?>
<testsuite name="com.example.BowlingGameSpec" tests="67" skipped="0" failures="18" errors="0" timestamp="2026-02-05T07:59:42" hostname="adam-komp" time="0.184">
  <properties/>
  <testcase name="should calculate score for regular frames [roll1: 3, roll2: 4, expectedScore: 7, #0]" classname="com.example.BowlingGameSpec" time="0.011"/>
  <testcase name="should calculate score for regular frames [roll1: 5, roll2: 2, expectedScore: 7, #1]" classname="com.example.BowlingGameSpec" time="0.001"/>
  <testcase name="should calculate score for regular frames [roll1: 0, roll2: 0, expectedScore: 0, #2]" classname="com.example.BowlingGameSpec" time="0.0"/>
  <testcase name="should calculate score for regular frames [roll1: 9, roll2: 1, expectedScore: 10, #3]" classname="com.example.BowlingGameSpec" time="0.0"/>
  <testcase name="should handle strikes correctly [pins: 10, expectedScore: 10, #0]" classname="com.example.BowlingGameSpec" time="0.086">
    <failure message="Condition failed with Exception:&#10;&#10;game.score() == expectedScore&#10;|    |&#10;|    java.lang.IndexOutOfBoundsException: Index 0 out of bounds for length 0&#10;|    &#9;at java.base/jdk.internal.util.Preconditions.outOfBounds(Preconditions.java:100)&#10;|    &#9;at java.base/jdk.internal.util.Preconditions.outOfBoundsCheckIndex(Preconditions.java:106)&#10;|    &#9;at java.base/jdk.internal.util.Preconditions.checkIndex(Preconditions.java:302)&#10;|    &#9;at java.base/java.util.Objects.checkIndex(Objects.java:385)&#10;|    &#9;at java.base/java.util.ArrayList.get(ArrayList.java:427)&#10;|    &#9;at com.example.BowlingGame.getStrikeBonus(BowlingGame.java:97)&#10;|    &#9;at com.example.BowlingGame.score(BowlingGame.java:57)&#10;|    &#9;at com.example.BowlingGameSpec.should handle strikes correctly(BowlingGameSpec.groovy:37)&#10;&lt;com.example.BowlingGame@2d691f3d frames=[[X], [], [], [], [], [], [], [], [], []] currentFrame=1 currentRoll=0&gt;&#10;" type="org.spockframework.runtime.ConditionFailedWithExceptionError">Condition failed with Exception:

game.score() == expectedScore
|    |
|    java.lang.IndexOutOfBoundsException: Index 0 out of bounds for length 0
|    	at java.base/jdk.internal.util.Preconditions.outOfBounds(Preconditions.java:100)
|    	at java.base/jdk.internal.util.Preconditions.outOfBoundsCheckIndex(Preconditions.java:106)
|    	at java.base/jdk.internal.util.Preconditions.checkIndex(Preconditions.java:302)
|    	at java.base/java.util.Objects.checkIndex(Objects.java:385)
|    	at java.base/java.util.ArrayList.get(ArrayList.java:427)
|    	at com.example.BowlingGame.getStrikeBonus(BowlingGame.java:97)
|    	at com.example.BowlingGame.score(BowlingGame.java:57)
|    	at com.example.BowlingGameSpec.should handle strikes correctly(BowlingGameSpec.groovy:37)
&lt;com.example.BowlingGame@2d691f3d frames=[[X], [], [], [], [], [], [], [], [], []] currentFrame=1 currentRoll=0&gt;

	at com.example.BowlingGameSpec.should handle strikes correctly(BowlingGameSpec.groovy:37)
Caused by: java.lang.IndexOutOfBoundsException: Index 0 out of bounds for length 0
	at java.base/jdk.internal.util.Preconditions.outOfBounds(Preconditions.java:100)
	at java.base/jdk.internal.util.Preconditions.outOfBoundsCheckIndex(Preconditions.java:106)
	at java.base/jdk.internal.util.Preconditions.checkIndex(Preconditions.java:302)
	at java.base/java.util.Objects.checkIndex(Objects.java:385)
	at java.base/java.util.ArrayList.get(ArrayList.java:427)
	at com.example.BowlingGame.getStrikeBonus(BowlingGame.java:97)
	at com.example.BowlingGame.score(BowlingGame.java:57)
	... 1 more
</failure>
  </testcase>
  <testcase name="should handle strikes correctly [pins: 5, expectedScore: 5, #1]" classname="com.example.BowlingGameSpec" time="0.0"/>
  <testcase name="should handle strikes correctly [pins: 0, expectedScore: 0, #2]" classname="com.example.BowlingGameSpec" time="0.0"/>
  <testcase name="void - should handle strikes correctly [pins: 10, expectedScore: 10, #0]" classname="com.example.BowlingGameSpec" time="0.002">
    <failure message="Condition failed with Exception:&#10;&#10;game.score() == expectedScore&#10;|    |&#10;|    java.lang.IndexOutOfBoundsException: Index 0 out of bounds for length 0&#10;|    &#9;at java.base/jdk.internal.util.Preconditions.outOfBounds(Preconditions.java:100)&#10;|    &#9;at java.base/jdk.internal.util.Preconditions.outOfBoundsCheckIndex(Preconditions.java:106)&#10;|    &#9;at java.base/jdk.internal.util.Preconditions.checkIndex(Preconditions.java:302)&#10;|    &#9;at java.base/java.util.Objects.checkIndex(Objects.java:385)&#10;|    &#9;at java.base/java.util.ArrayList.get(ArrayList.java:427)&#10;|    &#9;at com.example.BowlingGame.getStrikeBonus(BowlingGame.java:97)&#10;|    &#9;at com.example.BowlingGame.score(BowlingGame.java:57)&#10;|    &#9;at com.example.BowlingGameSpec.void - should handle strikes correctly(BowlingGameSpec.groovy:55)&#10;&lt;com.example.BowlingGame@4aa3d36 frames=[[X], [], [], [], [], [], [], [], [], []] currentFrame=1 currentRoll=0&gt;&#10;" type="org.spockframework.runtime.ConditionFailedWithExceptionError">Condition failed with Exception:

game.score() == expectedScore
|    |
|    java.lang.IndexOutOfBoundsException: Index 0 out of bounds for length 0
|    	at java.base/jdk.internal.util.Preconditions.outOfBounds(Preconditions.java:100)
|    	at java.base/jdk.internal.util.Preconditions.outOfBoundsCheckIndex(Preconditions.java:106)
|    	at java.base/jdk.internal.util.Preconditions.checkIndex(Preconditions.java:302)
|    	at java.base/java.util.Objects.checkIndex(Objects.java:385)
|    	at java.base/java.util.ArrayList.get(ArrayList.java:427)
|    	at com.example.BowlingGame.getStrikeBonus(BowlingGame.java:97)
|    	at com.example.BowlingGame.score(BowlingGame.java:57)
|    	at com.example.BowlingGameSpec.void - should handle strikes correctly(BowlingGameSpec.groovy:55)
&lt;com.example.BowlingGame@4aa3d36 frames=[[X], [], [], [], [], [], [], [], [], []] currentFrame=1 currentRoll=0&gt;

	at com.example.BowlingGameSpec.void - should handle strikes correctly(BowlingGameSpec.groovy:55)
Caused by: java.lang.IndexOutOfBoundsException: Index 0 out of bounds for length 0
	at java.base/jdk.internal.util.Preconditions.outOfBounds(Preconditions.java:100)
	at java.base/jdk.internal.util.Preconditions.outOfBoundsCheckIndex(Preconditions.java:106)
	at java.base/jdk.internal.util.Preconditions.checkIndex(Preconditions.java:302)
	at java.base/java.util.Objects.checkIndex(Objects.java:385)
	at java.base/java.util.ArrayList.get(ArrayList.java:427)
	at com.example.BowlingGame.getStrikeBonus(BowlingGame.java:97)
	at com.example.BowlingGame.score(BowlingGame.java:57)
	... 1 more
</failure>
  </testcase>
  <testcase name="void - should handle strikes correctly [pins: 5, expectedScore: 5, #1]" classname="com.example.BowlingGameSpec" time="0.0"/>
  <testcase name="void - should handle strikes correctly [pins: 0, expectedScore: 0, #2]" classname="com.example.BowlingGameSpec" time="0.001"/>
  <testcase name="should handle spares correctly [roll1: 5, roll2: 5, nextRoll: 3, expectedScore: 18, #0]" classname="com.example.BowlingGameSpec" time="0.003">
    <failure message="Condition not satisfied:&#10;&#10;game.score() == expectedScore&#10;|    |       |  |&#10;|    16      |  18&#10;|            false&#10;&lt;com.example.BowlingGame@22d6cac2 frames=[[5, /], [3], [], [], [], [], [], [], [], []] currentFrame=1 currentRoll=1&gt;&#10;" type="org.spockframework.runtime.SpockComparisonFailure">Condition not satisfied:

game.score() == expectedScore
|    |       |  |
|    16      |  18
|            false
&lt;com.example.BowlingGame@22d6cac2 frames=[[5, /], [3], [], [], [], [], [], [], [], []] currentFrame=1 currentRoll=1&gt;

	at com.example.BowlingGameSpec.should handle spares correctly(BowlingGameSpec.groovy:75)
</failure>
  </testcase>
  <testcase name="should handle spares correctly [roll1: 7, roll2: 3, nextRoll: 4, expectedScore: 18, #1]" classname="com.example.BowlingGameSpec" time="0.0"/>
  <testcase name="should handle spares correctly [roll1: 9, roll2: 1, nextRoll: 2, expectedScore: 18, #2]" classname="com.example.BowlingGameSpec" time="0.001">
    <failure message="Condition not satisfied:&#10;&#10;game.score() == expectedScore&#10;|    |       |  |&#10;|    14      |  18&#10;|            false&#10;&lt;com.example.BowlingGame@3163987e frames=[[9, /], [2], [], [], [], [], [], [], [], []] currentFrame=1 currentRoll=1&gt;&#10;" type="org.spockframework.runtime.SpockComparisonFailure">Condition not satisfied:

game.score() == expectedScore
|    |       |  |
|    14      |  18
|            false
&lt;com.example.BowlingGame@3163987e frames=[[9, /], [2], [], [], [], [], [], [], [], []] currentFrame=1 currentRoll=1&gt;

	at com.example.BowlingGameSpec.should handle spares correctly(BowlingGameSpec.groovy:75)
</failure>
  </testcase>
  <testcase name="should handle mixed frame types [roll1: 3, roll2: 4, expectedScore: 7, #0]" classname="com.example.BowlingGameSpec" time="0.001"/>
  <testcase name="should handle mixed frame types [roll1: 5, roll2: 5, expectedScore: 10, #1]" classname="com.example.BowlingGameSpec" time="0.001"/>
  <testcase name="should handle mixed frame types [roll1: 10, roll2: 0, expectedScore: 10, #2]" classname="com.example.BowlingGameSpec" time="0.0"/>
  <testcase name="should handle mixed frame types [roll1: 0, roll2: 10, expectedScore: 10, #3]" classname="com.example.BowlingGameSpec" time="0.0"/>
  <testcase name="should handle gutter game [pins: 0, #0]" classname="com.example.BowlingGameSpec" time="0.001"/>
  <testcase name="should handle gutter game [pins: 0, #1]" classname="com.example.BowlingGameSpec" time="0.0"/>
  <testcase name="should handle gutter game [pins: 0, #2]" classname="com.example.BowlingGameSpec" time="0.0"/>
  <testcase name="strike in frame 1 should give bonus points" classname="com.example.BowlingGameSpec" time="0.01">
    <failure message="Condition not satisfied:&#10;&#10;game.score() == 10 + expectedBonus&#10;|    |       |     | |&#10;|    24      false | 7&#10;|                  17&#10;&lt;com.example.BowlingGame@673bb956 frames=[[X], [3, 4], [], [], [], [], [], [], [], []] currentFrame=2 currentRoll=0&gt;&#10;" type="org.spockframework.runtime.SpockComparisonFailure">Condition not satisfied:

game.score() == 10 + expectedBonus
|    |       |     | |
|    24      false | 7
|                  17
&lt;com.example.BowlingGame@673bb956 frames=[[X], [3, 4], [], [], [], [], [], [], [], []] currentFrame=2 currentRoll=0&gt;

	at com.example.BowlingGameSpec.strike in frame #frame should give bonus points(BowlingGameSpec.groovy:137)
</failure>
  </testcase>
  <testcase name="strike in frame 2 should give bonus points" classname="com.example.BowlingGameSpec" time="0.002">
    <failure message="Condition not satisfied:&#10;&#10;game.score() == 10 + expectedBonus&#10;|    |       |     | |&#10;|    47      false | 7&#10;|                  17&#10;&lt;com.example.BowlingGame@654c1a54 frames=[[X], [X], [3, 4], [], [], [], [], [], [], []] currentFrame=3 currentRoll=0&gt;&#10;" type="org.spockframework.runtime.SpockComparisonFailure">Condition not satisfied:

game.score() == 10 + expectedBonus
|    |       |     | |
|    47      false | 7
|                  17
&lt;com.example.BowlingGame@654c1a54 frames=[[X], [X], [3, 4], [], [], [], [], [], [], []] currentFrame=3 currentRoll=0&gt;

	at com.example.BowlingGameSpec.strike in frame #frame should give bonus points(BowlingGameSpec.groovy:137)
</failure>
  </testcase>
  <testcase name="strike in frame 3 should give bonus points" classname="com.example.BowlingGameSpec" time="0.001">
    <failure message="Condition not satisfied:&#10;&#10;game.score() == 10 + expectedBonus&#10;|    |       |     | |&#10;|    77      false | 7&#10;|                  17&#10;&lt;com.example.BowlingGame@19f21b6b frames=[[X], [X], [X], [3, 4], [], [], [], [], [], []] currentFrame=4 currentRoll=0&gt;&#10;" type="org.spockframework.runtime.SpockComparisonFailure">Condition not satisfied:

game.score() == 10 + expectedBonus
|    |       |     | |
|    77      false | 7
|                  17
&lt;com.example.BowlingGame@19f21b6b frames=[[X], [X], [X], [3, 4], [], [], [], [], [], []] currentFrame=4 currentRoll=0&gt;

	at com.example.BowlingGameSpec.strike in frame #frame should give bonus points(BowlingGameSpec.groovy:137)
</failure>
  </testcase>
  <testcase name="perfect game should have score 300" classname="com.example.BowlingGameSpec" time="0.007">
    <failure message="java.lang.IllegalArgumentException: Cannot knock down more pins than available" type="java.lang.IllegalArgumentException">java.lang.IllegalArgumentException: Cannot knock down more pins than available
	at com.example.Frame.addRoll(Frame.java:26)
	at com.example.BowlingGame.roll(BowlingGame.java:32)
	at com.example.BowlingGameSpec.#gameState should have score #expectedScore_closure1(BowlingGameSpec.groovy:152)
	at groovy.lang.Closure.call(Closure.java:433)
	at groovy.lang.Closure.call(Closure.java:422)
	at com.example.BowlingGameSpec.#gameState should have score #expectedScore(BowlingGameSpec.groovy:152)
</failure>
  </testcase>
  <testcase name="gutter game should have score 0" classname="com.example.BowlingGameSpec" time="0.001"/>
  <testcase name="spare game should have score 150" classname="com.example.BowlingGameSpec" time="0.001">
    <failure message="Condition not satisfied:&#10;&#10;game.score() == expectedScore&#10;|    |       |  |&#10;|    85      |  150&#10;|            false&#10;&lt;com.example.BowlingGame@31611954 frames=[[5, /], [5, /], [5, /], [5, /], [5, /], [5, /], [], [], [], []] currentFrame=6 currentRoll=0&gt;&#10;" type="org.spockframework.runtime.SpockComparisonFailure">Condition not satisfied:

game.score() == expectedScore
|    |       |  |
|    85      |  150
|            false
&lt;com.example.BowlingGame@31611954 frames=[[5, /], [5, /], [5, /], [5, /], [5, /], [5, /], [], [], [], []] currentFrame=6 currentRoll=0&gt;

	at com.example.BowlingGameSpec.#gameState should have score #expectedScore(BowlingGameSpec.groovy:155)
</failure>
  </testcase>
  <testcase name="should validate roll constraints - valid pins [pins: 0, #0]" classname="com.example.BowlingGameSpec" time="0.001"/>
  <testcase name="should validate roll constraints - valid pins [pins: 5, #1]" classname="com.example.BowlingGameSpec" time="0.0"/>
  <testcase name="should validate roll constraints - valid pins [pins: 10, #2]" classname="com.example.BowlingGameSpec" time="0.0"/>
  <testcase name="should validate roll constraints - invalid pins [pins: -1, #0]" classname="com.example.BowlingGameSpec" time="0.001"/>
  <testcase name="should validate roll constraints - invalid pins [pins: 11, #1]" classname="com.example.BowlingGameSpec" time="0.0"/>
  <testcase name="should validate roll constraints - invalid pins [pins: 15, #2]" classname="com.example.BowlingGameSpec" time="0.0"/>
  <testcase name="should handle frame completion [frameType: strike, roll1: 10, roll2: -1, isComplete: true, #0]" classname="com.example.BowlingGameSpec" time="0.002"/>
  <testcase name="should handle frame completion [frameType: spare, roll1: 5, roll2: 5, isComplete: true, #1]" classname="com.example.BowlingGameSpec" time="0.0"/>
  <testcase name="should handle frame completion [frameType: regular, roll1: 3, roll2: 4, isComplete: true, #2]" classname="com.example.BowlingGameSpec" time="0.0"/>
  <testcase name="should handle frame completion [frameType: incomplete, roll1: 5, roll2: -1, isComplete: false, #3]" classname="com.example.BowlingGameSpec" time="0.001"/>
  <testcase name="should handle consecutive strikes [strikeCount: 1, #0]" classname="com.example.BowlingGameSpec" time="0.002"/>
  <testcase name="should handle consecutive strikes [strikeCount: 2, #1]" classname="com.example.BowlingGameSpec" time="0.0"/>
  <testcase name="should handle consecutive strikes [strikeCount: 3, #2]" classname="com.example.BowlingGameSpec" time="0.0"/>
  <testcase name="should handle consecutive strikes [strikeCount: 4, #3]" classname="com.example.BowlingGameSpec" time="0.0"/>
  <testcase name="should handle consecutive strikes [strikeCount: 5, #4]" classname="com.example.BowlingGameSpec" time="0.0"/>
  <testcase name="should handle consecutive strikes [strikeCount: 6, #5]" classname="com.example.BowlingGameSpec" time="0.0"/>
  <testcase name="should handle consecutive strikes [strikeCount: 7, #6]" classname="com.example.BowlingGameSpec" time="0.001"/>
  <testcase name="should handle consecutive strikes [strikeCount: 8, #7]" classname="com.example.BowlingGameSpec" time="0.0"/>
  <testcase name="should handle consecutive strikes [strikeCount: 9, #8]" classname="com.example.BowlingGameSpec" time="0.0"/>
  <testcase name="should handle consecutive strikes [strikeCount: 10, #9]" classname="com.example.BowlingGameSpec" time="0.0"/>
  <testcase name="should handle consecutive strikes [strikeCount: 11, #10]" classname="com.example.BowlingGameSpec" time="0.0">
    <failure message="java.lang.IllegalArgumentException: Cannot knock down more pins than available" type="java.lang.IllegalArgumentException">java.lang.IllegalArgumentException: Cannot knock down more pins than available
	at com.example.Frame.addRoll(Frame.java:26)
	at com.example.BowlingGame.roll(BowlingGame.java:32)
	at com.example.BowlingGameSpec.should handle consecutive strikes(BowlingGameSpec.groovy:226)
</failure>
  </testcase>
  <testcase name="should handle consecutive strikes [strikeCount: 12, #11]" classname="com.example.BowlingGameSpec" time="0.0">
    <failure message="java.lang.IllegalArgumentException: Cannot knock down more pins than available" type="java.lang.IllegalArgumentException">java.lang.IllegalArgumentException: Cannot knock down more pins than available
	at com.example.Frame.addRoll(Frame.java:26)
	at com.example.BowlingGame.roll(BowlingGame.java:32)
	at com.example.BowlingGameSpec.should handle consecutive strikes(BowlingGameSpec.groovy:226)
</failure>
  </testcase>
  <testcase name="should calculate complex scoring [scenario: perfect, rolls: [10, 10, 10, 10, 10, 10, 10, 10, 10, 10, 10, 10], expectedScore: 300, #0]" classname="com.example.BowlingGameSpec" time="0.001">
    <failure message="java.lang.IllegalArgumentException: Cannot knock down more pins than available" type="java.lang.IllegalArgumentException">java.lang.IllegalArgumentException: Cannot knock down more pins than available
	at com.example.Frame.addRoll(Frame.java:26)
	at com.example.BowlingGame.roll(BowlingGame.java:32)
	at com.example.BowlingGameSpec.should calculate complex scoring_closure2(BowlingGameSpec.groovy:242)
	at groovy.lang.Closure.call(Closure.java:433)
	at groovy.lang.Closure.call(Closure.java:422)
	at com.example.BowlingGameSpec.should calculate complex scoring(BowlingGameSpec.groovy:242)
</failure>
  </testcase>
  <testcase name="should calculate complex scoring [scenario: gutter, rolls: [0, 0, 0, 0, 0, 0, 0, 0, 0, 0, 0, 0], expectedScore: 0, #1]" classname="com.example.BowlingGameSpec" time="0.001"/>
  <testcase name="should calculate complex scoring [scenario: mixed, rolls: [3, 4, 10, 5, 5, 2, 3, 0, 0, 0, 0, 0], expectedScore: 42, #2]" classname="com.example.BowlingGameSpec" time="0.001">
    <failure message="Condition not satisfied:&#10;&#10;game.score() == expectedScore&#10;|    |       |  |&#10;|    44      |  42&#10;|            false&#10;&lt;com.example.BowlingGame@4463d9d3 frames=[[3, 4], [X], [5, /], [2, 3], [0, 0], [0, 0], [0], [], [], []] currentFrame=6 currentRoll=1&gt;&#10;" type="org.spockframework.runtime.SpockComparisonFailure">Condition not satisfied:

game.score() == expectedScore
|    |       |  |
|    44      |  42
|            false
&lt;com.example.BowlingGame@4463d9d3 frames=[[3, 4], [X], [5, /], [2, 3], [0, 0], [0, 0], [0], [], [], []] currentFrame=6 currentRoll=1&gt;

	at com.example.BowlingGameSpec.should calculate complex scoring(BowlingGameSpec.groovy:245)
</failure>
  </testcase>
  <testcase name="should calculate complex scoring [scenario: spares, rolls: [5, 5, 5, 5, 5, 5, 5, 5, 5, 5, 5, 5], expectedScore: 150, #3]" classname="com.example.BowlingGameSpec" time="0.0">
    <failure message="Condition not satisfied:&#10;&#10;game.score() == expectedScore&#10;|    |       |  |&#10;|    85      |  150&#10;|            false&#10;&lt;com.example.BowlingGame@4fe01803 frames=[[5, /], [5, /], [5, /], [5, /], [5, /], [5, /], [], [], [], []] currentFrame=6 currentRoll=0&gt;&#10;" type="org.spockframework.runtime.SpockComparisonFailure">Condition not satisfied:

game.score() == expectedScore
|    |       |  |
|    85      |  150
|            false
&lt;com.example.BowlingGame@4fe01803 frames=[[5, /], [5, /], [5, /], [5, /], [5, /], [5, /], [], [], [], []] currentFrame=6 currentRoll=0&gt;

	at com.example.BowlingGameSpec.should calculate complex scoring(BowlingGameSpec.groovy:245)
</failure>
  </testcase>
  <testcase name="should handle last frame scenarios [roll1: 10, roll2: 5, roll3: 5, expectedScore: 87, #0]" classname="com.example.BowlingGameSpec" time="0.001">
    <failure message="java.lang.IllegalArgumentException: Cannot knock down more pins than available" type="java.lang.IllegalArgumentException">java.lang.IllegalArgumentException: Cannot knock down more pins than available
	at com.example.Frame.addRoll(Frame.java:26)
	at com.example.BowlingGame.roll(BowlingGame.java:32)
	at com.example.BowlingGameSpec.should handle last frame scenarios(BowlingGameSpec.groovy:272)
</failure>
  </testcase>
  <testcase name="should handle last frame scenarios [roll1: 5, roll2: 5, roll3: 5, expectedScore: 87, #1]" classname="com.example.BowlingGameSpec" time="0.001">
    <failure message="java.lang.IllegalArgumentException: Cannot knock down more pins than available" type="java.lang.IllegalArgumentException">java.lang.IllegalArgumentException: Cannot knock down more pins than available
	at com.example.Frame.addRoll(Frame.java:26)
	at com.example.BowlingGame.roll(BowlingGame.java:32)
	at com.example.BowlingGameSpec.should handle last frame scenarios(BowlingGameSpec.groovy:273)
</failure>
  </testcase>
  <testcase name="should handle last frame scenarios [roll1: 3, roll2: 4, roll3: -1, expectedScore: 85, #2]" classname="com.example.BowlingGameSpec" time="0.001">
    <failure message="Condition not satisfied:&#10;&#10;game.score() == expectedScore&#10;|    |       |  |&#10;|    70      |  85&#10;|            false&#10;&lt;com.example.BowlingGame@312afbc7 frames=[[3, 4], [3, 4], [3, 4], [3, 4], [3, 4], [3, 4], [3, 4], [3, 4], [3, 4], [3, 4]] currentFrame=9 currentRoll=2&gt;&#10;" type="org.spockframework.runtime.SpockComparisonFailure">Condition not satisfied:

game.score() == expectedScore
|    |       |  |
|    70      |  85
|            false
&lt;com.example.BowlingGame@312afbc7 frames=[[3, 4], [3, 4], [3, 4], [3, 4], [3, 4], [3, 4], [3, 4], [3, 4], [3, 4], [3, 4]] currentFrame=9 currentRoll=2&gt;

	at com.example.BowlingGameSpec.should handle last frame scenarios(BowlingGameSpec.groovy:276)
</failure>
  </testcase>
  <testcase name="frame scoring test[0] - Frame 1: 3, 4 = 7" classname="com.example.BowlingGameSpec" time="0.002"/>
  <testcase name="frame scoring test[1] - Frame 2: 5, 5 = 10" classname="com.example.BowlingGameSpec" time="0.0"/>
  <testcase name="frame scoring test[2] - Frame 3: 10, 0 = 10" classname="com.example.BowlingGameSpec" time="0.0"/>
  <testcase name="should validate game state transitions [currentFrame: 1, currentRoll: 1, gameOver: false, #0]" classname="com.example.BowlingGameSpec" time="0.001"/>
  <testcase name="should validate game state transitions [currentFrame: 1, currentRoll: 2, gameOver: false, #1]" classname="com.example.BowlingGameSpec" time="0.0"/>
  <testcase name="should validate game state transitions [currentFrame: 5, currentRoll: 1, gameOver: false, #2]" classname="com.example.BowlingGameSpec" time="0.001"/>
  <testcase name="should validate game state transitions [currentFrame: 10, currentRoll: 2, gameOver: true, #3]" classname="com.example.BowlingGameSpec" time="0.001">
    <failure message="Condition not satisfied:&#10;&#10;game.isGameOver() == gameOver&#10;|    |            |  |&#10;|    false        |  true&#10;|                 false&#10;&lt;com.example.BowlingGame@3e134896 frames=[[3, 4], [3, 4], [3, 4], [3, 4], [3, 4], [3, 4], [3, 4], [3, 4], [3, 4], [3]] currentFrame=9 currentRoll=1&gt;&#10;" type="org.spockframework.runtime.SpockComparisonFailure">Condition not satisfied:

game.isGameOver() == gameOver
|    |            |  |
|    false        |  true
|                 false
&lt;com.example.BowlingGame@3e134896 frames=[[3, 4], [3, 4], [3, 4], [3, 4], [3, 4], [3, 4], [3, 4], [3, 4], [3, 4], [3]] currentFrame=9 currentRoll=1&gt;

	at com.example.BowlingGameSpec.should validate game state transitions(BowlingGameSpec.groovy:324)
</failure>
  </testcase>
  <testcase name="should handle edge cases - valid rolls [pins: 5, #0]" classname="com.example.BowlingGameSpec" time="0.001"/>
  <testcase name="should handle edge cases - valid rolls [pins: 0, #1]" classname="com.example.BowlingGameSpec" time="0.0"/>
  <testcase name="should handle edge cases - valid rolls [pins: 10, #2]" classname="com.example.BowlingGameSpec" time="0.0"/>
  <testcase name="should handle edge cases - invalid rolls [pins: -1, expectedMessage: Pins must be between 0 and 10, #0]" classname="com.example.BowlingGameSpec" time="0.001"/>
  <testcase name="should handle edge cases - invalid rolls [pins: 11, expectedMessage: Pins must be between 0 and 10, #1]" classname="com.example.BowlingGameSpec" time="0.0"/>
  <system-out><![CDATA[]]></system-out>
  <system-err><![CDATA[]]></system-err>
</testsuite>
