<?xml version="1.0" encoding="UTF-8"?>
<testsuite name="com.example.NestedClassSpec" tests="6" skipped="0" failures="0" errors="0" timestamp="2026-02-05T07:59:42" hostname="adam-komp" time="0.002">
  <properties/>
  <testcase name="outer test method" classname="com.example.NestedClassSpec" time="0.0"/>
  <testcase name="inner test method [value: 1, #0]" classname="com.example.NestedClassSpec" time="0.001"/>
  <testcase name="inner test method [value: 2, #1]" classname="com.example.NestedClassSpec" time="0.0"/>
  <testcase name="inner test method [value: 3, #2]" classname="com.example.NestedClassSpec" time="0.0"/>
  <testcase name="another inner test [name: Alice, age: 25, #0]" classname="com.example.NestedClassSpec" time="0.001"/>
  <testcase name="another inner test [name: Bob, age: 30, #1]" classname="com.example.NestedClassSpec" time="0.0"/>
  <system-out><![CDATA[]]></system-out>
  <system-err><![CDATA[]]></system-err>
</testsuite>
