<?xml version="1.0" encoding="UTF-8"?>
<testsuite name="com.example.ComplexDataSpec" tests="37" skipped="0" failures="7" errors="0" timestamp="2026-02-05T07:59:42" hostname="adam-komp" time="0.026">
  <properties/>
  <testcase name="should handle complex game scenarios [scenario: perfect game, rolls: [10, 10, 10, 10, 10, 10, 10, 10, 10, 10, 10, 10], expectedScore: 300, #0]" classname="com.example.ComplexDataSpec" time="0.002">
    <failure message="java.lang.IllegalArgumentException: Cannot knock down more pins than available" type="java.lang.IllegalArgumentException">java.lang.IllegalArgumentException: Cannot knock down more pins than available
	at com.example.Frame.addRoll(Frame.java:26)
	at com.example.BowlingGame.roll(BowlingGame.java:32)
	at com.example.ComplexDataSpec.should handle complex game scenarios_closure1(ComplexDataSpec.groovy:14)
	at groovy.lang.Closure.call(Closure.java:433)
	at groovy.lang.Closure.call(Closure.java:422)
	at com.example.ComplexDataSpec.should handle complex game scenarios(ComplexDataSpec.groovy:14)
</failure>
  </testcase>
  <testcase name="should handle complex game scenarios [scenario: gutter game, rolls: [0, 0, 0, 0, 0, 0, 0, 0, 0, 0, 0, 0], expectedScore: 0, #1]" classname="com.example.ComplexDataSpec" time="0.0"/>
  <testcase name="should handle complex game scenarios [scenario: spare game, rolls: [5, 5, 5, 5, 5, 5, 5, 5, 5, 5, 5, 5], expectedScore: 150, #2]" classname="com.example.ComplexDataSpec" time="0.001">
    <failure message="Condition not satisfied:&#10;&#10;game.score() == expectedScore&#10;|    |       |  |&#10;|    85      |  150&#10;|            false&#10;&lt;com.example.BowlingGame@332f25c8 frames=[[5, /], [5, /], [5, /], [5, /], [5, /], [5, /], [], [], [], []] currentFrame=6 currentRoll=0&gt;&#10;" type="org.spockframework.runtime.SpockComparisonFailure">Condition not satisfied:

game.score() == expectedScore
|    |       |  |
|    85      |  150
|            false
&lt;com.example.BowlingGame@332f25c8 frames=[[5, /], [5, /], [5, /], [5, /], [5, /], [5, /], [], [], [], []] currentFrame=6 currentRoll=0&gt;

	at com.example.ComplexDataSpec.should handle complex game scenarios(ComplexDataSpec.groovy:17)
</failure>
  </testcase>
  <testcase name="should handle complex game scenarios [scenario: mixed game, rolls: [3, 4, 10, 5, 5, 2, 3, 0, 0, 0, 0, 0], expectedScore: 42, #3]" classname="com.example.ComplexDataSpec" time="0.001">
    <failure message="Condition not satisfied:&#10;&#10;game.score() == expectedScore&#10;|    |       |  |&#10;|    44      |  42&#10;|            false&#10;&lt;com.example.BowlingGame@61d01788 frames=[[3, 4], [X], [5, /], [2, 3], [0, 0], [0, 0], [0], [], [], []] currentFrame=6 currentRoll=1&gt;&#10;" type="org.spockframework.runtime.SpockComparisonFailure">Condition not satisfied:

game.score() == expectedScore
|    |       |  |
|    44      |  42
|            false
&lt;com.example.BowlingGame@61d01788 frames=[[3, 4], [X], [5, /], [2, 3], [0, 0], [0, 0], [0], [], [], []] currentFrame=6 currentRoll=1&gt;

	at com.example.ComplexDataSpec.should handle complex game scenarios(ComplexDataSpec.groovy:17)
</failure>
  </testcase>
  <testcase name="should handle game state transitions [gameState: [rolls:[3, 4], expectedFrame:2, expectedRoll:1, expectedGameOver:false], #0]" classname="com.example.ComplexDataSpec" time="0.001"/>
  <testcase name="should handle game state transitions [gameState: [rolls:[10], expectedFrame:2, expectedRoll:1, expectedGameOver:false], #1]" classname="com.example.ComplexDataSpec" time="0.0"/>
  <testcase name="should handle game state transitions [gameState: [rolls:[3, 4, 3, 4, 3, 4, 3, 4, 3, 4, 3, 4, 3, 4, 3, 4, 3, 4, 3, 4], expectedFrame:10, expectedRoll:2, expectedGameOver:true], #2]" classname="com.example.ComplexDataSpec" time="0.001">
    <failure message="Condition not satisfied:&#10;&#10;game.getCurrentRoll() == gameState.expectedRoll&#10;|    |                |  |         |&#10;|    3                |  |         2&#10;|                     |  [rolls:[3, 4, 3, 4, 3, 4, 3, 4, 3, 4, 3, 4, 3, 4, 3, 4, 3, 4, 3, 4], expectedFrame:10, expectedRoll:2, expectedGameOver:true]&#10;|                     false&#10;&lt;com.example.BowlingGame@60723d6a frames=[[3, 4], [3, 4], [3, 4], [3, 4], [3, 4], [3, 4], [3, 4], [3, 4], [3, 4], [3, 4]] currentFrame=9 currentRoll=2&gt;&#10;" type="org.spockframework.runtime.SpockComparisonFailure">Condition not satisfied:

game.getCurrentRoll() == gameState.expectedRoll
|    |                |  |         |
|    3                |  |         2
|                     |  [rolls:[3, 4, 3, 4, 3, 4, 3, 4, 3, 4, 3, 4, 3, 4, 3, 4, 3, 4, 3, 4], expectedFrame:10, expectedRoll:2, expectedGameOver:true]
|                     false
&lt;com.example.BowlingGame@60723d6a frames=[[3, 4], [3, 4], [3, 4], [3, 4], [3, 4], [3, 4], [3, 4], [3, 4], [3, 4], [3, 4]] currentFrame=9 currentRoll=2&gt;

	at com.example.ComplexDataSpec.should handle game state transitions(ComplexDataSpec.groovy:45)
</failure>
  </testcase>
  <testcase name="should handle frame analysis [frameData: [[rolls:[3, 4], expectedScore:7]], #0]" classname="com.example.ComplexDataSpec" time="0.001"/>
  <testcase name="should handle frame analysis [frameData: [[rolls:[5, 5], expectedScore:10]], #1]" classname="com.example.ComplexDataSpec" time="0.0"/>
  <testcase name="should handle frame analysis [frameData: [[rolls:[10], expectedScore:10]], #2]" classname="com.example.ComplexDataSpec" time="0.0"/>
  <testcase name="complex scoring scenarios[0] - perfect game: [10, 10, 10, 10, 10, 10, 10, 10, 10, 10, 10, 10] -&gt; 300" classname="com.example.ComplexDataSpec" time="0.001">
    <failure message="java.lang.IllegalArgumentException: Cannot knock down more pins than available" type="java.lang.IllegalArgumentException">java.lang.IllegalArgumentException: Cannot knock down more pins than available
	at com.example.Frame.addRoll(Frame.java:26)
	at com.example.BowlingGame.roll(BowlingGame.java:32)
	at com.example.ComplexDataSpec.complex scoring scenarios_closure4(ComplexDataSpec.groovy:85)
	at groovy.lang.Closure.call(Closure.java:433)
	at groovy.lang.Closure.call(Closure.java:422)
	at com.example.ComplexDataSpec.complex scoring scenarios(ComplexDataSpec.groovy:85)
</failure>
  </testcase>
  <testcase name="complex scoring scenarios[1] - gutter game: [0, 0, 0, 0, 0, 0, 0, 0, 0, 0, 0, 0] -&gt; 0" classname="com.example.ComplexDataSpec" time="0.0"/>
  <testcase name="complex scoring scenarios[2] - spare game: [5, 5, 5, 5, 5, 5, 5, 5, 5, 5, 5, 5] -&gt; 150" classname="com.example.ComplexDataSpec" time="0.001">
    <failure message="Condition not satisfied:&#10;&#10;game.score() == expectedScore&#10;|    |       |  |&#10;|    85      |  150&#10;|            false&#10;&lt;com.example.BowlingGame@2687f956 frames=[[5, /], [5, /], [5, /], [5, /], [5, /], [5, /], [], [], [], []] currentFrame=6 currentRoll=0&gt;&#10;" type="org.spockframework.runtime.SpockComparisonFailure">Condition not satisfied:

game.score() == expectedScore
|    |       |  |
|    85      |  150
|            false
&lt;com.example.BowlingGame@2687f956 frames=[[5, /], [5, /], [5, /], [5, /], [5, /], [5, /], [], [], [], []] currentFrame=6 currentRoll=0&gt;

	at com.example.ComplexDataSpec.complex scoring scenarios(ComplexDataSpec.groovy:88)
</failure>
  </testcase>
  <testcase name="complex scoring scenarios[3] - mixed game: [3, 4, 10, 5, 5, 2, 3, 0, 0, 0, 0, 0] -&gt; 42" classname="com.example.ComplexDataSpec" time="0.001">
    <failure message="Condition not satisfied:&#10;&#10;game.score() == expectedScore&#10;|    |       |  |&#10;|    44      |  42&#10;|            false&#10;&lt;com.example.BowlingGame@5f84abe8 frames=[[3, 4], [X], [5, /], [2, 3], [0, 0], [0, 0], [0], [], [], []] currentFrame=6 currentRoll=1&gt;&#10;" type="org.spockframework.runtime.SpockComparisonFailure">Condition not satisfied:

game.score() == expectedScore
|    |       |  |
|    44      |  42
|            false
&lt;com.example.BowlingGame@5f84abe8 frames=[[3, 4], [X], [5, /], [2, 3], [0, 0], [0, 0], [0], [], [], []] currentFrame=6 currentRoll=1&gt;

	at com.example.ComplexDataSpec.complex scoring scenarios(ComplexDataSpec.groovy:88)
</failure>
  </testcase>
  <testcase name="should handle multiple data sources [name: Alice, age: 25, expected: Alice is 25 years old, #0]" classname="com.example.ComplexDataSpec" time="0.004"/>
  <testcase name="should handle multiple data sources [name: Bob, age: 30, expected: Bob is 30 years old, #1]" classname="com.example.ComplexDataSpec" time="0.0"/>
  <testcase name="should handle multiple data sources [name: Charlie, age: 35, expected: Charlie is 35 years old, #2]" classname="com.example.ComplexDataSpec" time="0.0"/>
  <testcase name="should handle range data [value: 1, #0]" classname="com.example.ComplexDataSpec" time="0.0"/>
  <testcase name="should handle range data [value: 2, #1]" classname="com.example.ComplexDataSpec" time="0.0"/>
  <testcase name="should handle range data [value: 3, #2]" classname="com.example.ComplexDataSpec" time="0.0"/>
  <testcase name="should handle range data [value: 4, #3]" classname="com.example.ComplexDataSpec" time="0.0"/>
  <testcase name="should handle range data [value: 5, #4]" classname="com.example.ComplexDataSpec" time="0.0"/>
  <testcase name="should handle range data [value: 6, #5]" classname="com.example.ComplexDataSpec" time="0.0"/>
  <testcase name="should handle range data [value: 7, #6]" classname="com.example.ComplexDataSpec" time="0.0"/>
  <testcase name="should handle range data [value: 8, #7]" classname="com.example.ComplexDataSpec" time="0.0"/>
  <testcase name="should handle range data [value: 9, #8]" classname="com.example.ComplexDataSpec" time="0.0"/>
  <testcase name="should handle range data [value: 10, #9]" classname="com.example.ComplexDataSpec" time="0.0"/>
  <testcase name="should handle step range [value: 2, #0]" classname="com.example.ComplexDataSpec" time="0.001"/>
  <testcase name="should handle step range [value: 4, #1]" classname="com.example.ComplexDataSpec" time="0.0"/>
  <testcase name="should handle step range [value: 6, #2]" classname="com.example.ComplexDataSpec" time="0.0"/>
  <testcase name="should handle step range [value: 8, #3]" classname="com.example.ComplexDataSpec" time="0.001"/>
  <testcase name="should handle step range [value: 10, #4]" classname="com.example.ComplexDataSpec" time="0.0"/>
  <testcase name="should handle step range [value: 12, #5]" classname="com.example.ComplexDataSpec" time="0.0"/>
  <testcase name="should handle step range [value: 14, #6]" classname="com.example.ComplexDataSpec" time="0.0"/>
  <testcase name="should handle step range [value: 16, #7]" classname="com.example.ComplexDataSpec" time="0.0"/>
  <testcase name="should handle step range [value: 18, #8]" classname="com.example.ComplexDataSpec" time="0.0"/>
  <testcase name="should handle step range [value: 20, #9]" classname="com.example.ComplexDataSpec" time="0.0"/>
  <system-out><![CDATA[]]></system-out>
  <system-err><![CDATA[]]></system-err>
</testsuite>
