<?xml version="1.0" encoding="UTF-8"?>
<testsuite name="com.example.UserServiceSpec" tests="5" skipped="0" failures="0" errors="0" timestamp="2026-02-05T07:59:42" hostname="adam-komp" time="0.005">
  <properties/>
  <testcase name="should create user with valid data" classname="com.example.UserServiceSpec" time="0.002"/>
  <testcase name="should throw exception for invalid email" classname="com.example.UserServiceSpec" time="0.0"/>
  <testcase name="should throw exception for empty name" classname="com.example.UserServiceSpec" time="0.001"/>
  <testcase name="should find user by id" classname="com.example.UserServiceSpec" time="0.001"/>
  <testcase name="should return null for non-existent user" classname="com.example.UserServiceSpec" time="0.001"/>
  <system-out><![CDATA[]]></system-out>
  <system-err><![CDATA[]]></system-err>
</testsuite>
