<?xml version="1.0" encoding="UTF-8"?>
<testsuite name="com.example.MalformedSpec" tests="8" skipped="0" failures="0" errors="0" timestamp="2026-02-05T07:59:42" hostname="adam-komp" time="0.002">
  <properties/>
  <testcase name="test with minimal where block [value: 0, #0]" classname="com.example.MalformedSpec" time="0.0"/>
  <testcase name="test with minimal where block [value: 1, #1]" classname="com.example.MalformedSpec" time="0.0"/>
  <testcase name="test with minimal where block [value: 2, #2]" classname="com.example.MalformedSpec" time="0.0"/>
  <testcase name="test with complex syntax" classname="com.example.MalformedSpec" time="0.0"/>
  <testcase name="test with nested structures" classname="com.example.MalformedSpec" time="0.0"/>
  <testcase name="test with edge case data [value: 1, #0]" classname="com.example.MalformedSpec" time="0.0"/>
  <testcase name="test with edge case data [value: 2, #1]" classname="com.example.MalformedSpec" time="0.0"/>
  <testcase name="test with edge case data [value: 3, #2]" classname="com.example.MalformedSpec" time="0.0"/>
  <system-out><![CDATA[]]></system-out>
  <system-err><![CDATA[]]></system-err>
</testsuite>
