<?xml version="1.0" encoding="UTF-8"?>
<testsuite xmlns:xsi="http://www.w3.org/2001/XMLSchema-instance" xsi:noNamespaceSchemaLocation="https://maven.apache.org/surefire/maven-surefire-plugin/xsd/surefire-test-report.xsd" version="3.0" name="com.example.ComplexDataSpec" time="0.465" tests="5" errors="1" skipped="0" failures="2">
  <properties>
[...]
</properties>
  <testcase name="should handle complex game scenarios should handle complex game scenarios [scenario: perfect game, rolls: [10, 10, 10, 10, 10, 10, 10, 10, 10, 10, 10, 10], expectedScore: 300, #0]" classname="ComplexDataSpec" time="0.051">
    <error message="Cannot knock down more pins than available" type="java.lang.IllegalArgumentException"><![CDATA[java.lang.IllegalArgumentException: Cannot knock down more pins than available
	at com.example.Frame.addRoll(Frame.java:26)
	at com.example.BowlingGame.roll(BowlingGame.java:32)
	at com.example.ComplexDataSpec.should handle complex game scenarios_closure1(ComplexDataSpec.groovy:14)
	at com.example.ComplexDataSpec.should handle complex game scenarios(ComplexDataSpec.groovy:14)
]]></error>
  </testcase>
  <testcase name="should handle complex game scenarios should handle complex game scenarios [scenario: gutter game, rolls: [0, 0, 0, 0, 0, 0, 0, 0, 0, 0, 0, 0], expectedScore: 0, #1]" classname="ComplexDataSpec" time="0.005"/>
  <testcase name="should handle complex game scenarios should handle complex game scenarios [scenario: spare game, rolls: [5, 5, 5, 5, 5, 5, 5, 5, 5, 5, 5, 5], expectedScore: 150, #2]" classname="ComplexDataSpec" time="0.187">
    <failure message="Condition not satisfied:&#10;&#10;game.score() == expectedScore&#10;|    |       |  |&#10;|    85      |  150&#10;|            false&#10;&lt;com.example.BowlingGame@e24ddd0 frames=[[5, /], [5, /], [5, /], [5, /], [5, /], [5, /], [], [], [], []] currentFrame=6 currentRoll=0&gt;&#10;" type="Condition not satisfied"><![CDATA[Condition not satisfied:

game.score() == expectedScore
|    |       |  |
|    85      |  150
|            false
<com.example.BowlingGame@e24ddd0 frames=[[5, /], [5, /], [5, /], [5, /], [5, /], [5, /], [], [], [], []] currentFrame=6 currentRoll=0>

	at com.example.ComplexDataSpec.should handle complex game scenarios(ComplexDataSpec.groovy:17)
]]></failure>
  </testcase>
  <testcase name="should handle complex game scenarios should handle complex game scenarios [scenario: mixed game, rolls: [3, 4, 10, 5, 5, 2, 3, 0, 0, 0, 0, 0], expectedScore: 42, #3]" classname="ComplexDataSpec" time="0.005">
    <failure message="Condition not satisfied:&#10;&#10;game.score() == expectedScore&#10;|    |       |  |&#10;|    44      |  42&#10;|            false&#10;&lt;com.example.BowlingGame@78461bc4 frames=[[3, 4], [X], [5, /], [2, 3], [0, 0], [0, 0], [0], [], [], []] currentFrame=6 currentRoll=1&gt;&#10;" type="Condition not satisfied"><![CDATA[Condition not satisfied:

game.score() == expectedScore
|    |       |  |
|    44      |  42
|            false
<com.example.BowlingGame@78461bc4 frames=[[3, 4], [X], [5, /], [2, 3], [0, 0], [0, 0], [0], [], [], []] currentFrame=6 currentRoll=1>

	at com.example.ComplexDataSpec.should handle complex game scenarios(ComplexDataSpec.groovy:17)
]]></failure>
  </testcase>
  <testcase name="should handle complex game scenarios" classname="ComplexDataSpec" time="0.459"/>
</testsuite>