<?xml version="1.0" encoding="UTF-8"?>
<testsuite xmlns:xsi="http://www.w3.org/2001/XMLSchema-instance" xsi:noNamespaceSchemaLocation="https://maven.apache.org/surefire/maven-surefire-plugin/xsd/surefire-test-report.xsd" version="3.0" name="com.example.DataDrivenSpec" time="0.244" tests="4" errors="0" skipped="0" failures="0">
  <properties>
[...]
</properties>
  <testcase name="maximum of two numbers maximum of two numbers [a: 1, b: 3, c: 3, #0]" classname="DataDrivenSpec" time="0.026"/>
  <testcase name="maximum of two numbers maximum of two numbers [a: 7, b: 4, c: 7, #1]" classname="DataDrivenSpec" time="0.003"/>
  <testcase name="maximum of two numbers maximum of two numbers [a: 0, b: 0, c: 0, #2]" classname="DataDrivenSpec" time="0.002"/>
  <testcase name="maximum of two numbers" classname="DataDrivenSpec" time="0.238"/>
</testsuite>