<?xml version="1.0" encoding="UTF-8"?>
<testsuite xmlns:xsi="http://www.w3.org/2001/XMLSchema-instance" xsi:noNamespaceSchemaLocation="https://maven.apache.org/surefire/maven-surefire-plugin/xsd/surefire-test-report.xsd" version="3.0" name="com.example.ComplexDataSpec" time="0.465" tests="5" errors="1" skipped="0" failures="2">
  <properties>
    <property name="java.specification.version" value="21"/>
    <property name="sun.jnu.encoding" value="UTF-8"/>
    <property name="java.class.path" value="/home/swonsmos/dev/demos/spock-test-runner-vscode/sample-projects/maven-project/target/test-classes:/home/swonsmos/dev/demos/spock-test-runner-vscode/sample-projects/maven-project/target/classes:/home/swonsmos/.m2/repository/org/apache/groovy/groovy/4.0.15/groovy-4.0.15.jar:/home/swonsmos/.m2/repository/org/spockframework/spock-core/2.4-M6-groovy-4.0/spock-core-2.4-M6-groovy-4.0.jar:/home/swonsmos/.m2/repository/org/junit/platform/junit-platform-engine/1.12.2/junit-platform-engine-1.12.2.jar:/home/swonsmos/.m2/repository/org/opentest4j/opentest4j/1.3.0/opentest4j-1.3.0.jar:/home/swonsmos/.m2/repository/org/junit/platform/junit-platform-commons/1.12.2/junit-platform-commons-1.12.2.jar:/home/swonsmos/.m2/repository/org/apiguardian/apiguardian-api/1.1.2/apiguardian-api-1.1.2.jar:/home/swonsmos/.m2/repository/org/hamcrest/hamcrest/3.0/hamcrest-3.0.jar:/home/swonsmos/.m2/repository/io/leangen/geantyref/geantyref/1.3.16/geantyref-1.3.16.jar:/home/swonsmos/.m2/repository/org/spockframework/spock-junit4/2.4-M6-groovy-4.0/spock-junit4-2.4-M6-groovy-4.0.jar:/home/swonsmos/.m2/repository/junit/junit/4.13.2/junit-4.13.2.jar:/home/swonsmos/.m2/repository/org/hamcrest/hamcrest-core/1.3/hamcrest-core-1.3.jar:"/>
    <property name="java.vm.vendor" value="Eclipse Adoptium"/>
    <property name="sun.arch.data.model" value="64"/>
    <property name="java.vendor.url" value="https://adoptium.net/"/>
    <property name="user.timezone" value="America/Chicago"/>
    <property name="os.name" value="Linux"/>
    <property name="java.vm.specification.version" value="21"/>
    <property name="sun.java.launcher" value="SUN_STANDARD"/>
    <property name="sun.boot.library.path" value="/home/swonsmos/.sdkman/candidates/java/21.0.9-tem/lib"/>
    <property name="sun.java.command" value="/home/swonsmos/dev/demos/spock-test-runner-vscode/sample-projects/maven-project/target/surefire/surefirebooter-20251209170546402_3.jar /home/swonsmos/dev/demos/spock-test-runner-vscode/sample-projects/maven-project/target/surefire 2025-12-09T17-05-46_343-jvmRun1 surefire-20251209170546402_1tmp surefire_0-20251209170546402_2tmp"/>
    <property name="jdk.debug" value="release"/>
    <property name="test" value="ComplexDataSpec#should handle complex game scenarios"/>
    <property name="surefire.test.class.path" value="/home/swonsmos/dev/demos/spock-test-runner-vscode/sample-projects/maven-project/target/test-classes:/home/swonsmos/dev/demos/spock-test-runner-vscode/sample-projects/maven-project/target/classes:/home/swonsmos/.m2/repository/org/apache/groovy/groovy/4.0.15/groovy-4.0.15.jar:/home/swonsmos/.m2/repository/org/spockframework/spock-core/2.4-M6-groovy-4.0/spock-core-2.4-M6-groovy-4.0.jar:/home/swonsmos/.m2/repository/org/junit/platform/junit-platform-engine/1.12.2/junit-platform-engine-1.12.2.jar:/home/swonsmos/.m2/repository/org/opentest4j/opentest4j/1.3.0/opentest4j-1.3.0.jar:/home/swonsmos/.m2/repository/org/junit/platform/junit-platform-commons/1.12.2/junit-platform-commons-1.12.2.jar:/home/swonsmos/.m2/repository/org/apiguardian/apiguardian-api/1.1.2/apiguardian-api-1.1.2.jar:/home/swonsmos/.m2/repository/org/hamcrest/hamcrest/3.0/hamcrest-3.0.jar:/home/swonsmos/.m2/repository/io/leangen/geantyref/geantyref/1.3.16/geantyref-1.3.16.jar:/home/swonsmos/.m2/repository/org/spockframework/spock-junit4/2.4-M6-groovy-4.0/spock-junit4-2.4-M6-groovy-4.0.jar:/home/swonsmos/.m2/repository/junit/junit/4.13.2/junit-4.13.2.jar:/home/swonsmos/.m2/repository/org/hamcrest/hamcrest-core/1.3/hamcrest-core-1.3.jar:"/>
    <property name="sun.cpu.endian" value="little"/>
    <property name="user.home" value="/home/swonsmos"/>
    <property name="user.language" value="en"/>
    <property name="java.specification.vendor" value="Oracle Corporation"/>
    <property name="java.version.date" value="2025-10-21"/>
    <property name="java.home" value="/home/swonsmos/.sdkman/candidates/java/21.0.9-tem"/>
    <property name="file.separator" value="/"/>
    <property name="basedir" value="/home/swonsmos/dev/demos/spock-test-runner-vscode/sample-projects/maven-project"/>
    <property name="java.vm.compressedOopsMode" value="32-bit"/>
    <property name="line.separator" value="&#10;"/>
    <property name="java.specification.name" value="Java Platform API Specification"/>
    <property name="java.vm.specification.vendor" value="Oracle Corporation"/>
    <property name="surefire.real.class.path" value="/home/swonsmos/dev/demos/spock-test-runner-vscode/sample-projects/maven-project/target/surefire/surefirebooter-20251209170546402_3.jar"/>
    <property name="sun.management.compiler" value="HotSpot 64-Bit Tiered Compilers"/>
    <property name="java.runtime.version" value="21.0.9+10-LTS"/>
    <property name="user.name" value="swonsmos"/>
    <property name="stdout.encoding" value="UTF-8"/>
    <property name="path.separator" value=":"/>
    <property name="os.version" value="6.6.87.2-microsoft-standard-WSL2"/>
    <property name="java.runtime.name" value="OpenJDK Runtime Environment"/>
    <property name="file.encoding" value="UTF-8"/>
    <property name="java.vm.name" value="OpenJDK 64-Bit Server VM"/>
    <property name="java.vendor.version" value="Temurin-21.0.9+10"/>
    <property name="localRepository" value="/home/swonsmos/.m2/repository"/>
    <property name="java.vendor.url.bug" value="https://github.com/adoptium/adoptium-support/issues"/>
    <property name="java.io.tmpdir" value="/tmp"/>
    <property name="java.version" value="21.0.9"/>
    <property name="user.dir" value="/home/swonsmos/dev/demos/spock-test-runner-vscode/sample-projects/maven-project"/>
    <property name="os.arch" value="amd64"/>
    <property name="java.vm.specification.name" value="Java Virtual Machine Specification"/>
    <property name="native.encoding" value="UTF-8"/>
    <property name="java.library.path" value="/usr/java/packages/lib:/usr/lib64:/lib64:/lib:/usr/lib"/>
    <property name="java.vm.info" value="mixed mode, sharing"/>
    <property name="stderr.encoding" value="UTF-8"/>
    <property name="java.vendor" value="Eclipse Adoptium"/>
    <property name="java.vm.version" value="21.0.9+10-LTS"/>
    <property name="sun.io.unicode.encoding" value="UnicodeLittle"/>
    <property name="java.class.version" value="65.0"/>
  </properties>
  <testcase name="should handle complex game scenarios should handle complex game scenarios [scenario: perfect game, rolls: [10, 10, 10, 10, 10, 10, 10, 10, 10, 10, 10, 10], expectedScore: 300, #0]" classname="ComplexDataSpec" time="0.051">
    <error message="Cannot knock down more pins than available" type="java.lang.IllegalArgumentException"><![CDATA[java.lang.IllegalArgumentException: Cannot knock down more pins than available
	at com.example.Frame.addRoll(Frame.java:26)
	at com.example.BowlingGame.roll(BowlingGame.java:32)
	at com.example.ComplexDataSpec.should handle complex game scenarios_closure1(ComplexDataSpec.groovy:14)
	at com.example.ComplexDataSpec.should handle complex game scenarios(ComplexDataSpec.groovy:14)
]]></error>
  </testcase>
  <testcase name="should handle complex game scenarios should handle complex game scenarios [scenario: gutter game, rolls: [0, 0, 0, 0, 0, 0, 0, 0, 0, 0, 0, 0], expectedScore: 0, #1]" classname="ComplexDataSpec" time="0.005"/>
  <testcase name="should handle complex game scenarios should handle complex game scenarios [scenario: spare game, rolls: [5, 5, 5, 5, 5, 5, 5, 5, 5, 5, 5, 5], expectedScore: 150, #2]" classname="ComplexDataSpec" time="0.187">
    <failure message="Condition not satisfied:&#10;&#10;game.score() == expectedScore&#10;|    |       |  |&#10;|    85      |  150&#10;|            false&#10;&lt;com.example.BowlingGame@e24ddd0 frames=[[5, /], [5, /], [5, /], [5, /], [5, /], [5, /], [], [], [], []] currentFrame=6 currentRoll=0&gt;&#10;" type="Condition not satisfied"><![CDATA[Condition not satisfied:

game.score() == expectedScore
|    |       |  |
|    85      |  150
|            false
<com.example.BowlingGame@e24ddd0 frames=[[5, /], [5, /], [5, /], [5, /], [5, /], [5, /], [], [], [], []] currentFrame=6 currentRoll=0>

	at com.example.ComplexDataSpec.should handle complex game scenarios(ComplexDataSpec.groovy:17)
]]></failure>
  </testcase>
  <testcase name="should handle complex game scenarios should handle complex game scenarios [scenario: mixed game, rolls: [3, 4, 10, 5, 5, 2, 3, 0, 0, 0, 0, 0], expectedScore: 42, #3]" classname="ComplexDataSpec" time="0.005">
    <failure message="Condition not satisfied:&#10;&#10;game.score() == expectedScore&#10;|    |       |  |&#10;|    44      |  42&#10;|            false&#10;&lt;com.example.BowlingGame@78461bc4 frames=[[3, 4], [X], [5, /], [2, 3], [0, 0], [0, 0], [0], [], [], []] currentFrame=6 currentRoll=1&gt;&#10;" type="Condition not satisfied"><![CDATA[Condition not satisfied:

game.score() == expectedScore
|    |       |  |
|    44      |  42
|            false
<com.example.BowlingGame@78461bc4 frames=[[3, 4], [X], [5, /], [2, 3], [0, 0], [0, 0], [0], [], [], []] currentFrame=6 currentRoll=1>

	at com.example.ComplexDataSpec.should handle complex game scenarios(ComplexDataSpec.groovy:17)
]]></failure>
  </testcase>
  <testcase name="should handle complex game scenarios" classname="ComplexDataSpec" time="0.459"/>
</testsuite>